size = |100|
----a----
73
99
6
39
94
8
62
47
63
86
33
24
51
79
82
98
1
89
37
29
68
45
43
92
90
76
87
18
22
26
69
42
49
44
7
14
27
96
21
35
91
23
72
20
66
61
19
11
50
2
53
34
30
74
95
25
80
13
64
46
67
59
38
36
88
28
57
84
78
5
97
70
54
16
85
60
77
56
83
81
32
65
52
71
15
17
75
9
58
10
3
40
55
12
41
0
93
48
100
4
----b----
mid before = |73|
val = |73|  grt = |71|  less = |26|
mid after = |73|
mid before = |73|
val = |99|  grt = |97|  less = |0|
mid after = |73|
mid before = |73|
val = |6|  grt = |5|  less = |92|
mid after = |73|
mid before = |73|
val = |39|  grt = |37|  less = |60|
mid after = |73|
mid before = |73|
val = |94|  grt = |92|  less = |5|
mid after = |73|
mid before = |73|
val = |8|  grt = |7|  less = |90|
mid after = |73|
mid before = |73|
val = |62|  grt = |60|  less = |37|
mid after = |73|
mid before = |73|
val = |47|  grt = |45|  less = |52|
mid after = |47|
mid before = |47|
val = |63|  grt = |61|  less = |36|
mid after = |47|
mid before = |47|
val = |86|  grt = |84|  less = |13|
mid after = |47|
mid before = |47|
val = |33|  grt = |31|  less = |66|
mid after = |47|
mid before = |47|
val = |24|  grt = |23|  less = |74|
mid after = |47|
mid before = |47|
val = |51|  grt = |49|  less = |48|
mid after = |51|
mid before = |51|
val = |79|  grt = |77|  less = |20|
mid after = |51|
mid before = |51|
val = |82|  grt = |80|  less = |17|
mid after = |51|
mid before = |51|
val = |98|  grt = |96|  less = |1|
mid after = |51|
mid before = |51|
val = |1|  grt = |0|  less = |97|
mid after = |51|
mid before = |51|
val = |89|  grt = |87|  less = |10|
mid after = |51|
mid before = |51|
val = |37|  grt = |35|  less = |62|
mid after = |51|
mid before = |51|
val = |29|  grt = |28|  less = |69|
mid after = |51|
mid before = |51|
val = |68|  grt = |66|  less = |31|
mid after = |51|
mid before = |51|
val = |45|  grt = |43|  less = |54|
mid after = |51|
mid before = |51|
val = |43|  grt = |41|  less = |56|
mid after = |51|
mid before = |51|
val = |92|  grt = |90|  less = |7|
mid after = |51|
mid before = |51|
val = |90|  grt = |88|  less = |9|
mid after = |51|
mid before = |51|
val = |76|  grt = |74|  less = |23|
mid after = |51|
mid before = |51|
val = |87|  grt = |85|  less = |12|
mid after = |51|
mid before = |51|
val = |18|  grt = |17|  less = |80|
mid after = |51|
mid before = |51|
val = |22|  grt = |21|  less = |76|
mid after = |51|
mid before = |51|
val = |26|  grt = |25|  less = |72|
mid after = |51|
mid before = |51|
val = |69|  grt = |67|  less = |30|
mid after = |51|
mid before = |51|
val = |42|  grt = |40|  less = |57|
mid after = |51|
mid before = |51|
val = |49|  grt = |47|  less = |50|
mid after = |49|
mid before = |49|
val = |44|  grt = |42|  less = |55|
mid after = |49|
mid before = |49|
val = |7|  grt = |6|  less = |91|
mid after = |49|
mid before = |49|
val = |14|  grt = |13|  less = |84|
mid after = |49|
mid before = |49|
val = |27|  grt = |26|  less = |71|
mid after = |49|
mid before = |49|
val = |96|  grt = |94|  less = |3|
mid after = |49|
mid before = |49|
val = |21|  grt = |20|  less = |77|
mid after = |49|
mid before = |49|
val = |35|  grt = |33|  less = |64|
mid after = |49|
mid before = |49|
val = |91|  grt = |89|  less = |8|
mid after = |49|
mid before = |49|
val = |23|  grt = |22|  less = |75|
mid after = |49|
mid before = |49|
val = |72|  grt = |70|  less = |27|
mid after = |49|
mid before = |49|
val = |20|  grt = |19|  less = |78|
mid after = |49|
mid before = |49|
val = |66|  grt = |64|  less = |33|
mid after = |49|
mid before = |49|
val = |61|  grt = |59|  less = |38|
mid after = |49|
mid before = |49|
val = |19|  grt = |18|  less = |79|
mid after = |49|
mid before = |49|
val = |11|  grt = |10|  less = |87|
mid after = |49|
mid before = |49|
val = |50|  grt = |48|  less = |49|
mid after = |50|
mid before = |50|
val = |2|  grt = |1|  less = |96|
mid after = |50|
mid before = |50|
val = |53|  grt = |51|  less = |46|
mid after = |53|
mid before = |53|
val = |34|  grt = |32|  less = |65|
mid after = |53|
mid before = |53|
val = |30|  grt = |29|  less = |68|
mid after = |53|
mid before = |53|
val = |7pb
pb
rra
rra
ra
ra
ra
ra
pb
ra
pb
ra
pb
pb
ra
ra
pb
pb
pb
pb
ra
pb
ra
ra
pb
ra
ra
pb
pb
pb
pb
rra
ra
ra
ra
ra
pb
ra
pb
ra
ra
ra
ra
pb
ra
ra
pb
ra
pb
ra
pb
pb
ra
ra
pb
ra
pb
ra
ra
pb
pb
ra
pb
ra
pb
ra
pb
pb
ra
ra
pb
ra
pb
pb
pb
ra
pb
pb
pb
ra
pb
pb
pb
pb
pb
pb
rra
rra
ra
ra
ra
pb
4|  grt = |72|  less = |25|
mid after = |53|
mid before = |53|
val = |95|  grt = |93|  less = |4|
mid after = |53|
mid before = |53|
val = |25|  grt = |24|  less = |73|
mid after = |53|
mid before = |53|
val = |80|  grt = |78|  less = |19|
mid after = |53|
mid before = |53|
val = |13|  grt = |12|  less = |85|
mid after = |53|
mid before = |53|
val = |64|  grt = |62|  less = |35|
mid after = |53|
mid before = |53|
val = |46|  grt = |44|  less = |53|
mid after = |53|
mid before = |53|
val = |67|  grt = |65|  less = |32|
mid after = |53|
mid before = |53|
val = |59|  grt = |57|  less = |40|
mid after = |53|
mid before = |53|
val = |38|  grt = |36|  less = |61|
mid after = |53|
mid before = |53|
val = |36|  grt = |34|  less = |63|
mid after = |53|
mid before = |53|
val = |88|  grt = |86|  less = |11|
mid after = |53|
mid before = |53|
val = |28|  grt = |27|  less = |70|
mid after = |53|
mid before = |53|
val = |57|  grt = |55|  less = |42|
mid after = |53|
mid before = |53|
val = |84|  grt = |82|  less = |15|
mid after = |53|
mid before = |53|
val = |78|  grt = |76|  less = |21|
mid after = |53|
mid before = |53|
val = |5|  grt = |4|  less = |93|
mid after = |53|
mid before = |53|
val = |97|  grt = |95|  less = |2|
mid after = |53|
mid before = |53|
val = |70|  grt = |68|  less = |29|
mid after = |53|
mid before = |53|
val = |54|  grt = |52|  less = |45|
mid after = |54|
mid before = |54|
val = |16|  grt = |15|  less = |82|
mid after = |54|
mid before = |54|
val = |85|  grt = |83|  less = |14|
mid after = |54|
mid before = |54|
val = |60|  grt = |58|  less = |39|
mid after = |54|
mid before = |54|
val = |77|  grt = |75|  less = |22|
mid after = |54|
mid before = |54|
val = |56|  grt = |54|  less = |43|
mid after = |54|
mid before = |54|
val = |83|  grt = |81|  less = |16|
mid after = |54|
mid before = |54|
val = |81|  grt = |79|  less = |18|
mid after = |54|
mid before = |54|
val = |32|  grt = |30|  less = |67|
mid after = |54|
mid before = |54|
val = |65|  grt = |63|  less = |34|
mid after = |54|
mid before = |54|
val = |52|  grt = |50|  less = |47|
mid after = |52|
mid before = |52|
val = |71|  grt = |69|  less = |28|
mid after = |52|
mid before = |52|
val = |15|  grt = |14|  less = |83|
mid after = |52|
mid before = |52|
val = |17|  grt = |16|  less = |81|
mid after = |52|
mid before = |52|
val = |75|  grt = |73|  less = |24|
mid after = |52|
mid before = |52|
val = |9|  grt = |8|  less = |89|
mid after = |52|
mid before = |52|
val = |58|  grt = |56|  less = |41|
mid after = |52|
mid before = |52|
val = |10|  grt = |9|  less = |88|
mid after = |52|
mid before = |52|
val = |3|  grt = |2|  less = |95|
mid after = |52|
mid before = |52|
val = |40|  grt = |38|  less = |59|
mid after = |52|
mid before = |52|
val = |55|  grt = |53|  less = |44|
mid after = |52|
mid before = |52|
val = |12|  grt = |11|  less = |86|
mid after = |52|
mid before = |52|
val = |41|  grt = |39|  less = |58|
mid after = |52|
mid before = |52|
val = |0|  grt = |0|  less = |98|
mid after = |52|
mid before = |52|
val = |93|  grt = |91|  less = |6|
mid after = |52|
mid before = |52|
val = |48|  grt = |46|  less = |51|
mid after = |48|
mid before = |48|
val = |100|  grt = |98|  less = |0|
mid after = |48|
mid before = |48|
val = |4|  grt = |3|  less = |94|
mid after = |48|
max = 100
min = 0
FINAL STACKS
FINAL op_ct = |92|
----a----
52
71
15
17
75
9
58
10
3
40
55
12
41
0
93
48
100
4
6
39
8
47
33
24
1
37
29
45
43
18
22
26
42
44
7
14
27
21
35
23
20
19
11
2
34
30
25
13
46
38
36
28
5
16
32
----b----
65
81
83
56
77
60
85
54
70
97
78
84
57
88
59
67
64
80
95
74
53
50
61
66
72
91
96
49
69
87
76
90
92
68
89
98
82
79
51
86
63
62
94
99
73
